{
  "stats": {
    "suites": 5,
    "tests": 6,
    "passes": 6,
    "pending": 0,
    "failures": 0,
    "start": "2025-02-14T12:39:25.660Z",
    "end": "2025-02-14T12:39:28.322Z",
    "duration": 2662,
    "testsRegistered": 6,
    "passPercent": 100,
    "pendingPercent": 0,
    "other": 0,
    "hasOther": false,
    "skipped": 0,
    "hasSkipped": false
  },
  "results": [
    {
      "uuid": "e5286580-44d4-4156-9d5d-37b36fd2ce8d",
      "title": "",
      "fullFile": "",
      "file": "",
      "beforeHooks": [],
      "afterHooks": [],
      "tests": [],
      "suites": [
        {
          "uuid": "31a525bb-a667-4ef7-bafe-995652a168e7",
          "title": "Create List User",
          "fullFile": "C:\\Users\\user\\ERMANSAPI\\ERMANURSETYANI_TUGASSESI8\\test\\user\\createUser.js",
          "file": "\\test\\user\\createUser.js",
          "beforeHooks": [],
          "afterHooks": [],
          "tests": [
            {
              "title": "User Create user should be sucess",
              "fullTitle": "Create List User User Create user should be sucess",
              "timedOut": false,
              "duration": 898,
              "state": "passed",
              "speed": "slow",
              "pass": true,
              "fail": false,
              "pending": false,
              "context": null,
              "code": "this.timeout(10000)\n const url = 'https://reqres.in/api/users'\n const requestData={\n     \"name\": \"Erma Nursetyani\",\n     \"job\": \"QA\"\n }\n const response = await fetch(url, {\n     method: \"POST\",\n     headers: {\n         \"Content-Type\": \"application/json\"\n     },\n     body: JSON.stringify(requestData)\n });\n const Responsedata = await response.json();\n // Untuk mencetak response API\n console.log(\"Response : \" + JSON.stringify(Responsedata, null, 1));\n // Untuk assert status code harus sama dengan 201\n assert.strictEqual(response.status, 201, \"Status harus 201\");",
              "err": {},
              "uuid": "3733b8a6-f04b-45de-80d3-b6b6cc4f9062",
              "parentUUID": "31a525bb-a667-4ef7-bafe-995652a168e7",
              "isHook": false,
              "skipped": false
            }
          ],
          "suites": [],
          "passes": [
            "3733b8a6-f04b-45de-80d3-b6b6cc4f9062"
          ],
          "failures": [],
          "pending": [],
          "skipped": [],
          "duration": 898,
          "root": false,
          "rootEmpty": false,
          "_timeout": 2000
        },
        {
          "uuid": "8fa25841-bf84-44e5-919b-031749cd97e7",
          "title": "Delete User",
          "fullFile": "C:\\Users\\user\\ERMANSAPI\\ERMANURSETYANI_TUGASSESI8\\test\\user\\delete.js",
          "file": "\\test\\user\\delete.js",
          "beforeHooks": [],
          "afterHooks": [],
          "tests": [
            {
              "title": "Seharusnya menghapus user dan mengembalikan status 204",
              "fullTitle": "Delete User Seharusnya menghapus user dan mengembalikan status 204",
              "timedOut": false,
              "duration": 434,
              "state": "passed",
              "speed": "slow",
              "pass": true,
              "fail": false,
              "pending": false,
              "context": null,
              "code": "this.timeout(10000); // Timeout agar Mocha tidak gagal karena request lambat\ntry {\n  // Kirim request DELETE ke API\n  const response = await fetch(\"https://reqres.in/api/users/2\", {\n    method: \"DELETE\", // HARUS menambahkan method DELETE\n  });\n  // Pastikan statusnya 204 (No Content)\n  assert.strictEqual(response.status, 204, \"Status harus 204\");\n  // Tidak perlu response.json() karena 204 tidak memiliki body\n} catch (error) {\n  assert.fail(`Request gagal: ${error.message}`);\n}",
              "err": {},
              "uuid": "64ecc280-d383-4dc2-be86-a29e0180dc70",
              "parentUUID": "8fa25841-bf84-44e5-919b-031749cd97e7",
              "isHook": false,
              "skipped": false
            }
          ],
          "suites": [],
          "passes": [
            "64ecc280-d383-4dc2-be86-a29e0180dc70"
          ],
          "failures": [],
          "pending": [],
          "skipped": [],
          "duration": 434,
          "root": false,
          "rootEmpty": false,
          "_timeout": 2000
        },
        {
          "uuid": "b29d3b52-1b8e-4914-86ef-648d67ffeb75",
          "title": "Get List User",
          "fullFile": "C:\\Users\\user\\ERMANSAPI\\ERMANURSETYANI_TUGASSESI8\\test\\user\\getListUser.js",
          "file": "\\test\\user\\getListUser.js",
          "beforeHooks": [],
          "afterHooks": [],
          "tests": [
            {
              "title": "User get detail Booking should be sucess",
              "fullTitle": "Get List User User get detail Booking should be sucess",
              "timedOut": false,
              "duration": 100,
              "state": "passed",
              "speed": "slow",
              "pass": true,
              "fail": false,
              "pending": false,
              "context": null,
              "code": "this.timeout(10000)\n const response = await fetch ('https://reqres.in/api/users?page=2')\n const responsedata=await response.json()\n console.log(\"Response : \" + JSON.stringify(responsedata, null, 1));\n assert.strictEqual(response.status, 200, \"Status harus 200\");",
              "err": {},
              "uuid": "a771516b-3cf4-47fe-b5c5-a081bd83a408",
              "parentUUID": "b29d3b52-1b8e-4914-86ef-648d67ffeb75",
              "isHook": false,
              "skipped": false
            },
            {
              "title": "User get invalid detail Booking should be success",
              "fullTitle": "Get List User User get invalid detail Booking should be success",
              "timedOut": false,
              "duration": 549,
              "state": "passed",
              "speed": "slow",
              "pass": true,
              "fail": false,
              "pending": false,
              "context": null,
              "code": "this.timeout(10000)\nconst response = await fetch('https://reqres.in/api/users?page=888888888')\nconst Responsedata = await response.json()\nconsole.log(\"Response : \" + JSON.stringify(Responsedata, null, 1));\nassert.strictEqual(response.status, 200, \"Status harus 200\");",
              "err": {},
              "uuid": "f8aff945-22e0-4822-aa92-d8c709eca91f",
              "parentUUID": "b29d3b52-1b8e-4914-86ef-648d67ffeb75",
              "isHook": false,
              "skipped": false
            }
          ],
          "suites": [],
          "passes": [
            "a771516b-3cf4-47fe-b5c5-a081bd83a408",
            "f8aff945-22e0-4822-aa92-d8c709eca91f"
          ],
          "failures": [],
          "pending": [],
          "skipped": [],
          "duration": 649,
          "root": false,
          "rootEmpty": false,
          "_timeout": 2000
        },
        {
          "uuid": "f46041ec-7407-45f1-a33e-425c3d81b2d4",
          "title": "Create Users",
          "fullFile": "C:\\Users\\user\\ERMANSAPI\\ERMANURSETYANI_TUGASSESI8\\test\\user\\jsonSchema.js",
          "file": "\\test\\user\\jsonSchema.js",
          "beforeHooks": [],
          "afterHooks": [],
          "tests": [
            {
              "title": "Create should be sucess",
              "fullTitle": "Create Users Create should be sucess",
              "timedOut": false,
              "duration": 192,
              "state": "passed",
              "speed": "slow",
              "pass": true,
              "fail": false,
              "pending": false,
              "context": null,
              "code": "this.timeout(10000)\nconst response = await fetch('https://reqres.in/api/users?page=2')\nconst data = await response.json()\nconst validate = ajv.compile(schema);\nconst valid = validate(data);\nif (!valid) {\n    console.log(validate.errors);\n}\n//console.log(\"test: \" + JSON.stringify(data, null, 1))\nassert.ok(valid, \"Response JSON harus sesuai dengan schema\");",
              "err": {},
              "uuid": "c440d793-24db-47a4-a85f-a3680c5e41e1",
              "parentUUID": "f46041ec-7407-45f1-a33e-425c3d81b2d4",
              "isHook": false,
              "skipped": false
            }
          ],
          "suites": [],
          "passes": [
            "c440d793-24db-47a4-a85f-a3680c5e41e1"
          ],
          "failures": [],
          "pending": [],
          "skipped": [],
          "duration": 192,
          "root": false,
          "rootEmpty": false,
          "_timeout": 2000
        },
        {
          "uuid": "43ae5798-3373-4d85-b33f-be4b7a5b4dd0",
          "title": "Update User",
          "fullFile": "C:\\Users\\user\\ERMANSAPI\\ERMANURSETYANI_TUGASSESI8\\test\\user\\updateUser.js",
          "file": "\\test\\user\\updateUser.js",
          "beforeHooks": [],
          "afterHooks": [],
          "tests": [
            {
              "title": "Update user should be sucess",
              "fullTitle": "Update User Update user should be sucess",
              "timedOut": false,
              "duration": 446,
              "state": "passed",
              "speed": "slow",
              "pass": true,
              "fail": false,
              "pending": false,
              "context": null,
              "code": "this.timeout(10000)\n const url = 'https://reqres.in/api/users/2'\n const requestData={\n     \"name\": \"Erma Nursetyani Ningrat Kraton\",\n }\n const response = await fetch(url, {\n     method: \"PATCH\",\n     headers: {\n         \"Content-Type\": \"application/json\"\n     },\n     body: JSON.stringify(requestData)\n });\n const Responsedata = await response.json();\n // Untuk mencetak response API\n console.log(\"Response : \" + JSON.stringify(Responsedata, null, 1));\n // Untuk assert status code harus sama dengan 201\n assert.strictEqual(response.status, 200, \"Status harus 200\");",
              "err": {},
              "uuid": "536db7ab-41bb-40c0-9ad2-0c8be5a15e97",
              "parentUUID": "43ae5798-3373-4d85-b33f-be4b7a5b4dd0",
              "isHook": false,
              "skipped": false
            }
          ],
          "suites": [],
          "passes": [
            "536db7ab-41bb-40c0-9ad2-0c8be5a15e97"
          ],
          "failures": [],
          "pending": [],
          "skipped": [],
          "duration": 446,
          "root": false,
          "rootEmpty": false,
          "_timeout": 2000
        }
      ],
      "passes": [],
      "failures": [],
      "pending": [],
      "skipped": [],
      "duration": 0,
      "root": true,
      "rootEmpty": true,
      "_timeout": 2000
    }
  ],
  "meta": {
    "mocha": {
      "version": "11.1.0"
    },
    "mochawesome": {
      "options": {
        "quiet": false,
        "reportFilename": "mochawesome",
        "saveHtml": true,
        "saveJson": true,
        "consoleReporter": "spec",
        "useInlineDiffs": false,
        "code": true
      },
      "version": "7.1.3"
    },
    "marge": {
      "options": null,
      "version": "6.2.0"
    }
  }
}