{
  "stats": {
    "suites": 5,
    "tests": 6,
    "passes": 6,
    "pending": 0,
    "failures": 0,
    "start": "2025-02-14T12:52:17.190Z",
    "end": "2025-02-14T12:52:19.968Z",
    "duration": 2778,
    "testsRegistered": 6,
    "passPercent": 100,
    "pendingPercent": 0,
    "other": 0,
    "hasOther": false,
    "skipped": 0,
    "hasSkipped": false
  },
  "results": [
    {
      "uuid": "f77aad8b-94da-432f-a73b-5928fb064894",
      "title": "",
      "fullFile": "",
      "file": "",
      "beforeHooks": [],
      "afterHooks": [],
      "tests": [],
      "suites": [
        {
          "uuid": "45031923-f68d-4bb2-b2d5-6418f01c641a",
          "title": "Create List User",
          "fullFile": "C:\\Users\\user\\ERMANSAPI\\ERMANURSETYANI_TUGASSESI8\\test\\user\\createUser.js",
          "file": "\\test\\user\\createUser.js",
          "beforeHooks": [],
          "afterHooks": [],
          "tests": [
            {
              "title": "User Create user should be sucess",
              "fullTitle": "Create List User User Create user should be sucess",
              "timedOut": false,
              "duration": 718,
              "state": "passed",
              "speed": "slow",
              "pass": true,
              "fail": false,
              "pending": false,
              "context": null,
              "code": "this.timeout(10000)\n const url = 'https://reqres.in/api/users'\n const requestData={\n     \"name\": \"Erma Nursetyani\",\n     \"job\": \"QA\"\n }\n const response = await fetch(url, {\n     method: \"POST\",\n     headers: {\n         \"Content-Type\": \"application/json\"\n     },\n     body: JSON.stringify(requestData)\n });\n const Responsedata = await response.json();\n // Untuk mencetak response API\n console.log(\"Response : \" + JSON.stringify(Responsedata, null, 1));\n // Untuk assert status code harus sama dengan 201\n assert.strictEqual(response.status, 201, \"Status harus 201\");",
              "err": {},
              "uuid": "0086c68e-d4ed-49c0-8ec4-c4a769cc11f3",
              "parentUUID": "45031923-f68d-4bb2-b2d5-6418f01c641a",
              "isHook": false,
              "skipped": false
            }
          ],
          "suites": [],
          "passes": [
            "0086c68e-d4ed-49c0-8ec4-c4a769cc11f3"
          ],
          "failures": [],
          "pending": [],
          "skipped": [],
          "duration": 718,
          "root": false,
          "rootEmpty": false,
          "_timeout": 2000
        },
        {
          "uuid": "e6eab6c5-82a3-4087-9567-c6eb8c072ecc",
          "title": "Delete User",
          "fullFile": "C:\\Users\\user\\ERMANSAPI\\ERMANURSETYANI_TUGASSESI8\\test\\user\\delete.js",
          "file": "\\test\\user\\delete.js",
          "beforeHooks": [],
          "afterHooks": [],
          "tests": [
            {
              "title": "Seharusnya menghapus user dan mengembalikan status 204",
              "fullTitle": "Delete User Seharusnya menghapus user dan mengembalikan status 204",
              "timedOut": false,
              "duration": 493,
              "state": "passed",
              "speed": "slow",
              "pass": true,
              "fail": false,
              "pending": false,
              "context": null,
              "code": "this.timeout(10000); // Timeout agar Mocha tidak gagal karena request lambat\ntry {\n  // Kirim request DELETE ke API\n  const response = await fetch(\"https://reqres.in/api/users/2\", {\n    method: \"DELETE\", // HARUS menambahkan method DELETE\n  });\n  // Pastikan statusnya 204 (No Content)\n  assert.strictEqual(response.status, 204, \"Status harus 204\");\n  // Tidak perlu response.json() karena 204 tidak memiliki body\n} catch (error) {\n  assert.fail(`Request gagal: ${error.message}`);\n}",
              "err": {},
              "uuid": "d18a3df7-629b-4447-8086-07a866bc1221",
              "parentUUID": "e6eab6c5-82a3-4087-9567-c6eb8c072ecc",
              "isHook": false,
              "skipped": false
            }
          ],
          "suites": [],
          "passes": [
            "d18a3df7-629b-4447-8086-07a866bc1221"
          ],
          "failures": [],
          "pending": [],
          "skipped": [],
          "duration": 493,
          "root": false,
          "rootEmpty": false,
          "_timeout": 2000
        },
        {
          "uuid": "10273449-282a-4cdd-83f1-08d75ca48f81",
          "title": "Get List User",
          "fullFile": "C:\\Users\\user\\ERMANSAPI\\ERMANURSETYANI_TUGASSESI8\\test\\user\\getListUser.js",
          "file": "\\test\\user\\getListUser.js",
          "beforeHooks": [],
          "afterHooks": [],
          "tests": [
            {
              "title": "User get detail Booking should be sucess",
              "fullTitle": "Get List User User get detail Booking should be sucess",
              "timedOut": false,
              "duration": 159,
              "state": "passed",
              "speed": "slow",
              "pass": true,
              "fail": false,
              "pending": false,
              "context": null,
              "code": "this.timeout(10000)\n const response = await fetch ('https://reqres.in/api/users?page=2')\n const responsedata=await response.json()\n console.log(\"Response : \" + JSON.stringify(responsedata, null, 1));\n assert.strictEqual(response.status, 200, \"Status harus 200\");",
              "err": {},
              "uuid": "cee088b9-12b9-48eb-a377-d38c1ee5d044",
              "parentUUID": "10273449-282a-4cdd-83f1-08d75ca48f81",
              "isHook": false,
              "skipped": false
            },
            {
              "title": "User get invalid detail Booking should be success",
              "fullTitle": "Get List User User get invalid detail Booking should be success",
              "timedOut": false,
              "duration": 661,
              "state": "passed",
              "speed": "slow",
              "pass": true,
              "fail": false,
              "pending": false,
              "context": null,
              "code": "this.timeout(10000)\nconst response = await fetch('https://reqres.in/api/users?page=888888888')\nconst Responsedata = await response.json()\nconsole.log(\"Response : \" + JSON.stringify(Responsedata, null, 1));\nassert.strictEqual(response.status, 200, \"Status harus 200\");",
              "err": {},
              "uuid": "bd2a93b7-4dd7-4623-9356-51bdf3e2a65c",
              "parentUUID": "10273449-282a-4cdd-83f1-08d75ca48f81",
              "isHook": false,
              "skipped": false
            }
          ],
          "suites": [],
          "passes": [
            "cee088b9-12b9-48eb-a377-d38c1ee5d044",
            "bd2a93b7-4dd7-4623-9356-51bdf3e2a65c"
          ],
          "failures": [],
          "pending": [],
          "skipped": [],
          "duration": 820,
          "root": false,
          "rootEmpty": false,
          "_timeout": 2000
        },
        {
          "uuid": "39e6e744-b0fa-49a3-9277-376c93a43b7e",
          "title": "Create Users",
          "fullFile": "C:\\Users\\user\\ERMANSAPI\\ERMANURSETYANI_TUGASSESI8\\test\\user\\jsonSchema.js",
          "file": "\\test\\user\\jsonSchema.js",
          "beforeHooks": [],
          "afterHooks": [],
          "tests": [
            {
              "title": "Create should be sucess",
              "fullTitle": "Create Users Create should be sucess",
              "timedOut": false,
              "duration": 211,
              "state": "passed",
              "speed": "slow",
              "pass": true,
              "fail": false,
              "pending": false,
              "context": null,
              "code": "this.timeout(10000)\nconst response = await fetch('https://reqres.in/api/users?page=2')\nconst data = await response.json()\nconst validate = ajv.compile(schema);\nconst valid = validate(data);\nif (!valid) {\n    console.log(validate.errors);\n}\n//console.log(\"test: \" + JSON.stringify(data, null, 1))\nassert.ok(valid, \"Response JSON harus sesuai dengan schema\");",
              "err": {},
              "uuid": "9c6c71d8-2581-4f90-a89c-2e252f6b9f17",
              "parentUUID": "39e6e744-b0fa-49a3-9277-376c93a43b7e",
              "isHook": false,
              "skipped": false
            }
          ],
          "suites": [],
          "passes": [
            "9c6c71d8-2581-4f90-a89c-2e252f6b9f17"
          ],
          "failures": [],
          "pending": [],
          "skipped": [],
          "duration": 211,
          "root": false,
          "rootEmpty": false,
          "_timeout": 2000
        },
        {
          "uuid": "1f15b879-3986-4eed-bfed-91b5392427fe",
          "title": "Update User",
          "fullFile": "C:\\Users\\user\\ERMANSAPI\\ERMANURSETYANI_TUGASSESI8\\test\\user\\updateUser.js",
          "file": "\\test\\user\\updateUser.js",
          "beforeHooks": [],
          "afterHooks": [],
          "tests": [
            {
              "title": "Update user should be sucess",
              "fullTitle": "Update User Update user should be sucess",
              "timedOut": false,
              "duration": 492,
              "state": "passed",
              "speed": "slow",
              "pass": true,
              "fail": false,
              "pending": false,
              "context": null,
              "code": "this.timeout(10000)\n const url = 'https://reqres.in/api/users/2'\n const requestData={\n     \"name\": \"Erma Nursetyani Ningrat Kraton\",\n }\n const response = await fetch(url, {\n     method: \"PATCH\",\n     headers: {\n         \"Content-Type\": \"application/json\"\n     },\n     body: JSON.stringify(requestData)\n });\n const Responsedata = await response.json();\n // Untuk mencetak response API\n console.log(\"Response : \" + JSON.stringify(Responsedata, null, 1));\n // Untuk assert status code harus sama dengan 201\n assert.strictEqual(response.status, 200, \"Status harus 200\");",
              "err": {},
              "uuid": "dacfd3f4-cf3d-4ed4-a021-47e8df2b3427",
              "parentUUID": "1f15b879-3986-4eed-bfed-91b5392427fe",
              "isHook": false,
              "skipped": false
            }
          ],
          "suites": [],
          "passes": [
            "dacfd3f4-cf3d-4ed4-a021-47e8df2b3427"
          ],
          "failures": [],
          "pending": [],
          "skipped": [],
          "duration": 492,
          "root": false,
          "rootEmpty": false,
          "_timeout": 2000
        }
      ],
      "passes": [],
      "failures": [],
      "pending": [],
      "skipped": [],
      "duration": 0,
      "root": true,
      "rootEmpty": true,
      "_timeout": 2000
    }
  ],
  "meta": {
    "mocha": {
      "version": "11.1.0"
    },
    "mochawesome": {
      "options": {
        "quiet": false,
        "reportFilename": "mochawesome",
        "saveHtml": true,
        "saveJson": true,
        "consoleReporter": "spec",
        "useInlineDiffs": false,
        "code": true
      },
      "version": "7.1.3"
    },
    "marge": {
      "options": null,
      "version": "6.2.0"
    }
  }
}